<?xml version="1.0" encoding="UTF-8"?>
<testng-results ignored="0" total="1" passed="1" failed="0" skipped="0">
  <reporter-output>
  </reporter-output>
  <suite started-at="2024-05-26T12:06:06 IST" name="Default suite" finished-at="2024-05-26T12:06:24 IST" duration-ms="17947">
    <groups>
    </groups>
    <test started-at="2024-05-26T12:06:06 IST" name="Default test" finished-at="2024-05-26T12:06:24 IST" duration-ms="17947">
      <class name="com.LoginPage.ChekingMobile">
        <test-method signature="verifyMobileNumberRequriedOrNot()[pri:0, instance:com.LoginPage.ChekingMobile@293a5bf6]" started-at="2024-05-26T12:06:07 IST" name="verifyMobileNumberRequriedOrNot" finished-at="2024-05-26T12:06:24 IST" duration-ms="17858" status="PASS">
          <reporter-output>
          </reporter-output>
        </test-method> <!-- verifyMobileNumberRequriedOrNot -->
      </class> <!-- com.LoginPage.ChekingMobile -->
    </test> <!-- Default test -->
  </suite> <!-- Default suite -->
</testng-results>
